<?xml version="1.0" encoding="UTF-8"?>
<!-- Generated by org.testng.reporters.JUnitReportReporter -->
<testsuite hostname="Om_Namah_Shivay" failures="0" tests="1" name="TestNGG.MethodsOfTestNG" time="0.009" errors="0" timestamp="2024-04-18T10:27:57 IST" skipped="0">
  <testcase classname="TestNGG.MethodsOfTestNG" name="FifthTestCases" time="0.009"/>
  <system-out/>
</testsuite> <!-- TestNGG.MethodsOfTestNG -->
