<?xml version="1.0" encoding="UTF-8"?>
<!-- Generated by org.testng.reporters.JUnitReportReporter -->
<testsuite hostname="Om_Namah_Shivay" failures="0" tests="2" name="TestNGG.ParallalExcution3" time="0.016" errors="0" timestamp="2024-04-25T18:31:40 IST" skipped="0">
  <testcase classname="TestNGG.ParallalExcution3" name="nineTestCases" time="0.012"/>
  <system-out/>
  <testcase classname="TestNGG.ParallalExcution3" name="tenTestCases" time="0.004"/>
  <system-out/>
</testsuite> <!-- TestNGG.ParallalExcution3 -->
