<?xml version="1.0" encoding="UTF-8"?>
<!-- Generated by org.testng.reporters.JUnitReportReporter -->
<testsuite hostname="Om_Namah_Shivay" failures="0" tests="1" name="TestNGG.LoginDemo" time="3.711" errors="0" timestamp="2024-04-18T09:52:33 IST" skipped="0">
  <testcase classname="TestNGG.LoginDemo" name="setup" time="3.711"/>
  <system-out/>
</testsuite> <!-- TestNGG.LoginDemo -->
