<?xml version="1.0" encoding="UTF-8"?>
<!-- Generated by org.testng.reporters.JUnitReportReporter -->
<testsuite hostname="Om_Namah_Shivay" failures="0" tests="2" name="TestNGG.BaseClassScren" time="11.980" errors="0" timestamp="2024-04-25T19:09:43 IST" skipped="0">
  <testcase classname="TestNGG.BaseClassScren" name="testDataProvider" time="9.121"/>
  <system-out/>
  <testcase classname="TestNGG.BaseClassScren" name="testDataProvider" time="2.859"/>
  <system-out/>
</testsuite> <!-- TestNGG.BaseClassScren -->
