<?xml version="1.0" encoding="UTF-8"?>
<!-- Generated by org.testng.reporters.JUnitReportReporter -->
<testsuite hostname="Om_Namah_Shivay" failures="0" tests="2" name="TestNGG.DataProviderTN" time="8.080" errors="0" timestamp="2024-04-18T12:52:27 IST" skipped="0">
  <testcase classname="TestNGG.DataProviderTN" name="testDataProvider" time="3.707"/>
  <system-out/>
  <testcase classname="TestNGG.DataProviderTN" name="testDataProvider" time="4.373"/>
  <system-out/>
</testsuite> <!-- TestNGG.DataProviderTN -->
