<?xml version="1.0" encoding="UTF-8"?>
<!-- Generated by org.testng.reporters.JUnitReportReporter -->
<testsuite hostname="Om_Namah_Shivay" failures="0" tests="2" name="TestNGG.GetMethods" time="8.993" errors="0" timestamp="2024-04-18T09:28:54 IST" skipped="0">
  <testcase classname="TestNGG.GetMethods" name="getCurrentURL" time="5.127"/>
  <system-out/>
  <testcase classname="TestNGG.GetMethods" name="getTitle" time="3.866"/>
  <system-out/>
</testsuite> <!-- TestNGG.GetMethods -->
