<?xml version="1.0" encoding="UTF-8"?>
<!-- Generated by org.testng.reporters.JUnitReportReporter -->
<testsuite hostname="Om_Namah_Shivay" failures="0" tests="3" name="TestNGG.ParallalExcution2" time="0.018" errors="0" timestamp="2024-04-25T18:31:40 IST" skipped="0">
  <testcase classname="TestNGG.ParallalExcution2" name="sixTestCases" time="0.002"/>
  <system-out/>
  <testcase classname="TestNGG.ParallalExcution2" name="eightTestCases2" time="0.012"/>
  <system-out/>
  <testcase classname="TestNGG.ParallalExcution2" name="sevenTestCases" time="0.004"/>
  <system-out/>
</testsuite> <!-- TestNGG.ParallalExcution2 -->
